<html>
<head>
<title>TestNG:  QA Automation LoginPageTest</title>
<link href="../testng.css" rel="stylesheet" type="text/css" />
<link href="../my-testng.css" rel="stylesheet" type="text/css" />

<style type="text/css">
.log { display: none;} 
.stack-trace { display: none;} 
</style>
<script type="text/javascript">
<!--
function flip(e) {
  current = e.style.display;
  if (current == 'block') {
    e.style.display = 'none';
    return 0;
  }
  else {
    e.style.display = 'block';
    return 1;
  }
}

function toggleBox(szDivId, elem, msg1, msg2)
{
  var res = -1;  if (document.getElementById) {
    res = flip(document.getElementById(szDivId));
  }
  else if (document.all) {
    // this is the way old msie versions work
    res = flip(document.all[szDivId]);
  }
  if(elem) {
    if(res == 0) elem.innerHTML = msg1; else elem.innerHTML = msg2;
  }

}

function toggleAllBoxes() {
  if (document.getElementsByTagName) {
    d = document.getElementsByTagName('div');
    for (i = 0; i < d.length; i++) {
      if (d[i].className == 'log') {
        flip(d[i]);
      }
    }
  }
}

// -->
</script>

</head>
<body>
<h2 align='center'>QA Automation LoginPageTest</h2><table border='1' align="center">
<tr>
<td>Tests passed/Failed/Skipped:</td><td>0/0/3</td>
</tr><tr>
<td>Started on:</td><td>Tue Aug 13 12:40:40 IST 2019</td>
</tr>
<tr><td>Total time:</td><td>0 seconds (48 ms)</td>
</tr><tr>
<td>Included groups:</td><td></td>
</tr><tr>
<td>Excluded groups:</td><td></td>
</tr>
</table><p/>
<small><i>(Hover the method name to see the test class name)</i></small><p/>
<table width='100%' border='1' class='invocation-failed'>
<tr><td colspan='4' align='center'><b>FAILED CONFIGURATIONS</b></td></tr>
<tr><td><b>Test method</b></td>
<td width="30%"><b>Exception</b></td>
<td width="10%"><b>Time (seconds)</b></td>
<td><b>Instance</b></td>
</tr>
<tr>
<td title='com.Qa.Test.LoginPageTest.extentReportSetUp()'><b>extentReportSetUp</b><br>Test class: com.Qa.Test.LoginPageTest</td>
<td><div><pre>org.testng.TestNGException: 
Can inject only one of &lt;ITestContext, XmlTest&gt; into a @BeforeTest annotated extentReportSetUp.
For more information on native dependency injection please refer to http://testng.org/doc/documentation-main.html#native-dependency-injection
	at java.base/java.util.concurrent.FutureTask.run(FutureTask.java:264)
	at java.base/java.util.concurrent.ThreadPoolExecutor.runWorker(ThreadPoolExecutor.java:1135)
	at java.base/java.util.concurrent.ThreadPoolExecutor$Worker.run(ThreadPoolExecutor.java:635)
	at java.base/java.lang.Thread.run(Thread.java:844)
... Removed 12 stack frames</pre></div><a href='#' onClick='toggleBox("stack-trace693459677", this, "Click to show all stack frames", "Click to hide stack frames")'>Click to show all stack frames</a>
<div class='stack-trace' id='stack-trace693459677'><pre>org.testng.TestNGException: 
Can inject only one of &lt;ITestContext, XmlTest&gt; into a @BeforeTest annotated extentReportSetUp.
For more information on native dependency injection please refer to http://testng.org/doc/documentation-main.html#native-dependency-injection
	at org.testng.internal.Parameters.checkParameterTypes(Parameters.java:407)
	at org.testng.internal.Parameters.createParametersForMethod(Parameters.java:356)
	at org.testng.internal.Parameters.createParameters(Parameters.java:635)
	at org.testng.internal.Parameters.createConfigurationParameters(Parameters.java:190)
	at org.testng.internal.Invoker.invokeConfigurations(Invoker.java:209)
	at org.testng.internal.Invoker.invokeConfigurations(Invoker.java:142)
	at org.testng.TestRunner.beforeRun(TestRunner.java:529)
	at org.testng.TestRunner.run(TestRunner.java:497)
	at org.testng.SuiteRunner.runTest(SuiteRunner.java:455)
	at org.testng.SuiteRunner.access$000(SuiteRunner.java:40)
	at org.testng.SuiteRunner$SuiteWorker.run(SuiteRunner.java:489)
	at org.testng.internal.thread.ThreadUtil$1.call(ThreadUtil.java:52)
	at java.base/java.util.concurrent.FutureTask.run(FutureTask.java:264)
	at java.base/java.util.concurrent.ThreadPoolExecutor.runWorker(ThreadPoolExecutor.java:1135)
	at java.base/java.util.concurrent.ThreadPoolExecutor$Worker.run(ThreadPoolExecutor.java:635)
	at java.base/java.lang.Thread.run(Thread.java:844)
</pre></div></td>
<td>0</td>
<td>com.Qa.Test.LoginPageTest@6c779568</td></tr>
</table><p>
<table width='100%' border='1' class='invocation-skipped'>
<tr><td colspan='4' align='center'><b>SKIPPED CONFIGURATIONS</b></td></tr>
<tr><td><b>Test method</b></td>
<td width="30%"><b>Exception</b></td>
<td width="10%"><b>Time (seconds)</b></td>
<td><b>Instance</b></td>
</tr>
<tr>
<td title='com.Qa.Test.LoginPageTest.setUp()'><b>setUp</b><br>Test class: com.Qa.Test.LoginPageTest</td>
<td></td>
<td>0</td>
<td>com.Qa.Test.LoginPageTest@6c779568</td></tr>
<tr>
<td title='com.Qa.Test.LoginPageTest.setUp()'><b>setUp</b><br>Test class: com.Qa.Test.LoginPageTest</td>
<td></td>
<td>0</td>
<td>com.Qa.Test.LoginPageTest@6c779568</td></tr>
<tr>
<td title='com.Qa.Test.LoginPageTest.setUp()'><b>setUp</b><br>Test class: com.Qa.Test.LoginPageTest</td>
<td></td>
<td>0</td>
<td>com.Qa.Test.LoginPageTest@6c779568</td></tr>
<tr>
<td title='com.Qa.Test.LoginPageTest.tearDwn()'><b>tearDwn</b><br>Test class: com.Qa.Test.LoginPageTest</td>
<td></td>
<td>0</td>
<td>com.Qa.Test.LoginPageTest@6c779568</td></tr>
<tr>
<td title='com.Qa.Test.LoginPageTest.tearDwn()'><b>tearDwn</b><br>Test class: com.Qa.Test.LoginPageTest</td>
<td></td>
<td>0</td>
<td>com.Qa.Test.LoginPageTest@6c779568</td></tr>
<tr>
<td title='com.Qa.Test.LoginPageTest.tearDwn()'><b>tearDwn</b><br>Test class: com.Qa.Test.LoginPageTest</td>
<td></td>
<td>0</td>
<td>com.Qa.Test.LoginPageTest@6c779568</td></tr>
<tr>
<td title='com.Qa.Test.LoginPageTest.reportTearDwn()'><b>reportTearDwn</b><br>Test class: com.Qa.Test.LoginPageTest</td>
<td></td>
<td>0</td>
<td>com.Qa.Test.LoginPageTest@6c779568</td></tr>
</table><p>
<table width='100%' border='1' class='invocation-skipped'>
<tr><td colspan='4' align='center'><b>SKIPPED TESTS</b></td></tr>
<tr><td><b>Test method</b></td>
<td width="30%"><b>Exception</b></td>
<td width="10%"><b>Time (seconds)</b></td>
<td><b>Instance</b></td>
</tr>
<tr>
<td title='com.Qa.Test.LoginPageTest.LoginBTN_Validation()'><b>LoginBTN_Validation</b><br>Test class: com.Qa.Test.LoginPageTest</td>
<td><div><pre>org.testng.TestNGException: 
Can inject only one of &lt;ITestContext, XmlTest&gt; into a @BeforeTest annotated extentReportSetUp.
For more information on native dependency injection please refer to http://testng.org/doc/documentation-main.html#native-dependency-injection
	at java.base/java.util.concurrent.FutureTask.run(FutureTask.java:264)
	at java.base/java.util.concurrent.ThreadPoolExecutor.runWorker(ThreadPoolExecutor.java:1135)
	at java.base/java.util.concurrent.ThreadPoolExecutor$Worker.run(ThreadPoolExecutor.java:635)
	at java.base/java.lang.Thread.run(Thread.java:844)
... Removed 12 stack frames</pre></div><a href='#' onClick='toggleBox("stack-trace1697264224", this, "Click to show all stack frames", "Click to hide stack frames")'>Click to show all stack frames</a>
<div class='stack-trace' id='stack-trace1697264224'><pre>org.testng.TestNGException: 
Can inject only one of &lt;ITestContext, XmlTest&gt; into a @BeforeTest annotated extentReportSetUp.
For more information on native dependency injection please refer to http://testng.org/doc/documentation-main.html#native-dependency-injection
	at org.testng.internal.Parameters.checkParameterTypes(Parameters.java:407)
	at org.testng.internal.Parameters.createParametersForMethod(Parameters.java:356)
	at org.testng.internal.Parameters.createParameters(Parameters.java:635)
	at org.testng.internal.Parameters.createConfigurationParameters(Parameters.java:190)
	at org.testng.internal.Invoker.invokeConfigurations(Invoker.java:209)
	at org.testng.internal.Invoker.invokeConfigurations(Invoker.java:142)
	at org.testng.TestRunner.beforeRun(TestRunner.java:529)
	at org.testng.TestRunner.run(TestRunner.java:497)
	at org.testng.SuiteRunner.runTest(SuiteRunner.java:455)
	at org.testng.SuiteRunner.access$000(SuiteRunner.java:40)
	at org.testng.SuiteRunner$SuiteWorker.run(SuiteRunner.java:489)
	at org.testng.internal.thread.ThreadUtil$1.call(ThreadUtil.java:52)
	at java.base/java.util.concurrent.FutureTask.run(FutureTask.java:264)
	at java.base/java.util.concurrent.ThreadPoolExecutor.runWorker(ThreadPoolExecutor.java:1135)
	at java.base/java.util.concurrent.ThreadPoolExecutor$Worker.run(ThreadPoolExecutor.java:635)
	at java.base/java.lang.Thread.run(Thread.java:844)
</pre></div></td>
<td>0</td>
<td>com.Qa.Test.LoginPageTest@6c779568</td></tr>
<tr>
<td title='com.Qa.Test.LoginPageTest.Tittle_Validation()'><b>Tittle_Validation</b><br>Test class: com.Qa.Test.LoginPageTest</td>
<td><div><pre>org.testng.TestNGException: 
Can inject only one of &lt;ITestContext, XmlTest&gt; into a @BeforeTest annotated extentReportSetUp.
For more information on native dependency injection please refer to http://testng.org/doc/documentation-main.html#native-dependency-injection
	at java.base/java.util.concurrent.FutureTask.run(FutureTask.java:264)
	at java.base/java.util.concurrent.ThreadPoolExecutor.runWorker(ThreadPoolExecutor.java:1135)
	at java.base/java.util.concurrent.ThreadPoolExecutor$Worker.run(ThreadPoolExecutor.java:635)
	at java.base/java.lang.Thread.run(Thread.java:844)
... Removed 12 stack frames</pre></div><a href='#' onClick='toggleBox("stack-trace772513647", this, "Click to show all stack frames", "Click to hide stack frames")'>Click to show all stack frames</a>
<div class='stack-trace' id='stack-trace772513647'><pre>org.testng.TestNGException: 
Can inject only one of &lt;ITestContext, XmlTest&gt; into a @BeforeTest annotated extentReportSetUp.
For more information on native dependency injection please refer to http://testng.org/doc/documentation-main.html#native-dependency-injection
	at org.testng.internal.Parameters.checkParameterTypes(Parameters.java:407)
	at org.testng.internal.Parameters.createParametersForMethod(Parameters.java:356)
	at org.testng.internal.Parameters.createParameters(Parameters.java:635)
	at org.testng.internal.Parameters.createConfigurationParameters(Parameters.java:190)
	at org.testng.internal.Invoker.invokeConfigurations(Invoker.java:209)
	at org.testng.internal.Invoker.invokeConfigurations(Invoker.java:142)
	at org.testng.TestRunner.beforeRun(TestRunner.java:529)
	at org.testng.TestRunner.run(TestRunner.java:497)
	at org.testng.SuiteRunner.runTest(SuiteRunner.java:455)
	at org.testng.SuiteRunner.access$000(SuiteRunner.java:40)
	at org.testng.SuiteRunner$SuiteWorker.run(SuiteRunner.java:489)
	at org.testng.internal.thread.ThreadUtil$1.call(ThreadUtil.java:52)
	at java.base/java.util.concurrent.FutureTask.run(FutureTask.java:264)
	at java.base/java.util.concurrent.ThreadPoolExecutor.runWorker(ThreadPoolExecutor.java:1135)
	at java.base/java.util.concurrent.ThreadPoolExecutor$Worker.run(ThreadPoolExecutor.java:635)
	at java.base/java.lang.Thread.run(Thread.java:844)
</pre></div></td>
<td>0</td>
<td>com.Qa.Test.LoginPageTest@6c779568</td></tr>
<tr>
<td title='com.Qa.Test.LoginPageTest.popUps_Validation()'><b>popUps_Validation</b><br>Test class: com.Qa.Test.LoginPageTest</td>
<td><div><pre>org.testng.TestNGException: 
Can inject only one of &lt;ITestContext, XmlTest&gt; into a @BeforeTest annotated extentReportSetUp.
For more information on native dependency injection please refer to http://testng.org/doc/documentation-main.html#native-dependency-injection
	at java.base/java.util.concurrent.FutureTask.run(FutureTask.java:264)
	at java.base/java.util.concurrent.ThreadPoolExecutor.runWorker(ThreadPoolExecutor.java:1135)
	at java.base/java.util.concurrent.ThreadPoolExecutor$Worker.run(ThreadPoolExecutor.java:635)
	at java.base/java.lang.Thread.run(Thread.java:844)
... Removed 12 stack frames</pre></div><a href='#' onClick='toggleBox("stack-trace135194057", this, "Click to show all stack frames", "Click to hide stack frames")'>Click to show all stack frames</a>
<div class='stack-trace' id='stack-trace135194057'><pre>org.testng.TestNGException: 
Can inject only one of &lt;ITestContext, XmlTest&gt; into a @BeforeTest annotated extentReportSetUp.
For more information on native dependency injection please refer to http://testng.org/doc/documentation-main.html#native-dependency-injection
	at org.testng.internal.Parameters.checkParameterTypes(Parameters.java:407)
	at org.testng.internal.Parameters.createParametersForMethod(Parameters.java:356)
	at org.testng.internal.Parameters.createParameters(Parameters.java:635)
	at org.testng.internal.Parameters.createConfigurationParameters(Parameters.java:190)
	at org.testng.internal.Invoker.invokeConfigurations(Invoker.java:209)
	at org.testng.internal.Invoker.invokeConfigurations(Invoker.java:142)
	at org.testng.TestRunner.beforeRun(TestRunner.java:529)
	at org.testng.TestRunner.run(TestRunner.java:497)
	at org.testng.SuiteRunner.runTest(SuiteRunner.java:455)
	at org.testng.SuiteRunner.access$000(SuiteRunner.java:40)
	at org.testng.SuiteRunner$SuiteWorker.run(SuiteRunner.java:489)
	at org.testng.internal.thread.ThreadUtil$1.call(ThreadUtil.java:52)
	at java.base/java.util.concurrent.FutureTask.run(FutureTask.java:264)
	at java.base/java.util.concurrent.ThreadPoolExecutor.runWorker(ThreadPoolExecutor.java:1135)
	at java.base/java.util.concurrent.ThreadPoolExecutor$Worker.run(ThreadPoolExecutor.java:635)
	at java.base/java.lang.Thread.run(Thread.java:844)
</pre></div></td>
<td>0</td>
<td>com.Qa.Test.LoginPageTest@6c779568</td></tr>
</table><p>
</body>
</html>