<?xml version="1.0" encoding="UTF-8"?>
<!-- Generated by org.testng.reporters.JUnitXMLReporter -->
<testsuite ignored="0" hostname="QB-IPL-1455" failures="0" tests="3" name="QA Automation LoginPageTest" time="0.048" errors="0" timestamp="13 Aug 2019 07:10:40 GMT">
  <testcase classname="com.Qa.Test.LoginPageTest" name="@BeforeTest extentReportSetUp" time="0.0">
    <failure type="org.testng.TestNGException" message="
Can inject only one of &amp;lt;ITestContext, XmlTest&amp;gt; into a @BeforeTest annotated extentReportSetUp.
For more information on native dependency injection please refer to http://testng.org/doc/documentation-main.html#native-dependency-injection">
      <![CDATA[org.testng.TestNGException: 
Can inject only one of <ITestContext, XmlTest> into a @BeforeTest annotated extentReportSetUp.
For more information on native dependency injection please refer to http://testng.org/doc/documentation-main.html#native-dependency-injection
at java.base/java.util.concurrent.FutureTask.run(FutureTask.java:264)
at java.base/java.util.concurrent.ThreadPoolExecutor.runWorker(ThreadPoolExecutor.java:1135)
at java.base/java.util.concurrent.ThreadPoolExecutor$Worker.run(ThreadPoolExecutor.java:635)
at java.base/java.lang.Thread.run(Thread.java:844)
... Removed 12 stack frames]]>
    </failure>
  </testcase> <!-- @BeforeTest extentReportSetUp -->
  <testcase classname="com.Qa.Test.LoginPageTest" name="@BeforeMethod setUp" time="0.0">
    <skipped/>
  </testcase> <!-- @BeforeMethod setUp -->
  <testcase classname="com.Qa.Test.LoginPageTest" name="@AfterMethod tearDwn" time="0.0">
    <skipped/>
  </testcase> <!-- @AfterMethod tearDwn -->
  <testcase classname="com.Qa.Test.LoginPageTest" name="@BeforeMethod setUp" time="0.0">
    <skipped/>
  </testcase> <!-- @BeforeMethod setUp -->
  <testcase classname="com.Qa.Test.LoginPageTest" name="@AfterMethod tearDwn" time="0.0">
    <skipped/>
  </testcase> <!-- @AfterMethod tearDwn -->
  <testcase classname="com.Qa.Test.LoginPageTest" name="@BeforeMethod setUp" time="0.0">
    <skipped/>
  </testcase> <!-- @BeforeMethod setUp -->
  <testcase classname="com.Qa.Test.LoginPageTest" name="@AfterMethod tearDwn" time="0.0">
    <skipped/>
  </testcase> <!-- @AfterMethod tearDwn -->
  <testcase classname="com.Qa.Test.LoginPageTest" name="@AfterTest reportTearDwn" time="0.0">
    <skipped/>
  </testcase> <!-- @AfterTest reportTearDwn -->
  <testcase classname="com.Qa.Test.LoginPageTest" name="popUps_Validation" time="0.0">
    <skipped/>
  </testcase> <!-- popUps_Validation -->
  <testcase classname="com.Qa.Test.LoginPageTest" name="Tittle_Validation" time="0.0">
    <skipped/>
  </testcase> <!-- Tittle_Validation -->
  <testcase classname="com.Qa.Test.LoginPageTest" name="LoginBTN_Validation" time="0.0">
    <skipped/>
  </testcase> <!-- LoginBTN_Validation -->
</testsuite> <!-- QA Automation LoginPageTest -->
